<?xml version="1.0" encoding="UTF-8"?>
<testsuite name="runner.RunnerAditionalTest" tests="0" skipped="0" failures="0" errors="0" timestamp="1970-01-01T00:00:00" hostname="LAPTOP-AS5HFOC4" time="0.0">
  <properties/>
  <system-out><![CDATA[Feature: Google Homepage Search
2020-jul-07 13:49:51 [Test] INFO  : ----------Operation: Type in the google search field----------
2020-jul-07 13:49:52 [Test] INFO  : ----------Operation successfully completed----------

2020-jul-07 13:49:52 [Test] INFO  : ----------Operation: Click on the google search button----------
2020-jul-07 13:49:53 [Test] INFO  : ----------Operation successfully completed----------

2020-jul-07 13:49:53 [Test] INFO  : ----------Operation: Check the google results page----------
2020-jul-07 13:49:53 [Test] INFO  : ----------Operation successfully completed----------

2020-jul-07 13:49:53 [Test] INFO  : ----------Operation: Check the first google result----------
2020-jul-07 13:49:58 [Test] INFO  : ============================= End Test ================================


2020-jul-07 13:50:04 [Test] INFO  : ----------Operation: Type in the google search field----------
2020-jul-07 13:50:05 [Test] INFO  : ----------Operation successfully completed----------

2020-jul-07 13:50:05 [Test] INFO  : ----------Operation: Check that the suggestion list is displayed----------
2020-jul-07 13:50:05 [Test] INFO  : ----------Operation successfully completed----------

2020-jul-07 13:50:05 [Test] INFO  : ----------Operation: Click on specific element of the suggestion list----------
2020-jul-07 13:50:06 [Test] INFO  : ----------Operation successfully completed----------

2020-jul-07 13:50:06 [Test] INFO  : ----------Operation: Check the google results page----------
2020-jul-07 13:50:06 [Test] INFO  : ----------Operation successfully completed----------

2020-jul-07 13:50:06 [Test] INFO  : ----------Operation: Check the first google result----------
2020-jul-07 13:50:11 [Test] INFO  : ============================= End Test ================================


2020-jul-07 13:50:18 [Test] INFO  : ----------Operation: Type in the google search field----------
2020-jul-07 13:50:19 [Test] INFO  : ----------Operation successfully completed----------

2020-jul-07 13:50:19 [Test] INFO  : ----------Operation: Click on the google search button----------
2020-jul-07 13:50:21 [Test] INFO  : ----------Operation successfully completed----------

2020-jul-07 13:50:21 [Test] INFO  : ----------Operation: Check the google results page----------
2020-jul-07 13:50:21 [Test] INFO  : ----------Operation successfully completed----------

2020-jul-07 13:50:21 [Test] INFO  : ----------Operation: Check the first google result----------
2020-jul-07 13:50:21 [Test] INFO  : ----------Operation successfully completed----------

2020-jul-07 13:50:21 [Test] INFO  : ############################## Test Finished successfully ########################################
2020-jul-07 13:50:26 [Test] INFO  : ============================= End Test ================================


2020-jul-07 13:50:32 [Test] INFO  : ----------Operation: Type in the google search field----------
2020-jul-07 13:50:33 [Test] INFO  : ----------Operation successfully completed----------

2020-jul-07 13:50:33 [Test] INFO  : ----------Operation: Check that the suggestion list is displayed----------
2020-jul-07 13:50:33 [Test] INFO  : ----------Operation successfully completed----------

2020-jul-07 13:50:33 [Test] INFO  : ----------Operation: Click on specific element of the suggestion list----------
2020-jul-07 13:50:34 [Test] INFO  : ----------Operation successfully completed----------

2020-jul-07 13:50:34 [Test] INFO  : ----------Operation: Check the google results page----------
2020-jul-07 13:50:35 [Test] INFO  : ----------Operation successfully completed----------

2020-jul-07 13:50:35 [Test] INFO  : ----------Operation: Check the first google result----------
2020-jul-07 13:50:35 [Test] INFO  : ----------Operation successfully completed----------

2020-jul-07 13:50:35 [Test] INFO  : ############################## Test Finished successfully ########################################
2020-jul-07 13:50:39 [Test] INFO  : ============================= End Test ================================



  Scenario: User can do a search from Google homepage using the suggestions        ?[90m# src/main/resources/features/GoogleSearch.feature:28?[0m
    ?[32mGiven ?[0m?[32mI m on the homepage?[0m                                                      ?[90m# StepTestGoogle.ImOnTheHomepage()?[0m
    ?[32mWhen ?[0m?[32mI type 'The name of the w' into the search field?[0m                          ?[90m# StepTestGoogle.iTypeTheNameOfTheWIntoTheSearchField()?[0m
    ?[32mAnd ?[0m?[32mthe suggestions list is displayed?[0m                                          ?[90m# StepTestGoogle.theSuggestionsListIsDisplayed()?[0m
    ?[32mAnd ?[0m?[32mI click on the first suggestion in the list?[0m                                ?[90m# StepTestGoogle.iClickOnTheFirstSuggestionInTheList()?[0m
    ?[32mThen ?[0m?[32mI go to the search results page?[0m                                           ?[90m# StepTestGoogle.iGoToTheSearchResultsPage()?[0m
    ?[32mAnd ?[0m?[32mthe third result is ?[0m?[32m?[1m'The Name of the Wind by Patrick Rothfuss - Goodreads'?[0m ?[90m# StepTestGoogle.theThirdResultIsTheNameOfTheWindByPatrickRothfussGoodreads(String)?[0m

?[31mFailed scenarios:?[0m
?[31msrc/main/resources/features/GoogleSearch.feature:4 ?[0m# Scenario: User can do a search from Google homepage using Google Search button
?[31msrc/main/resources/features/GoogleSearch.feature:12 ?[0m# Scenario: User can do a search from Google homepage using the suggestions

4 Scenarios (?[31m2 failed?[0m, ?[32m2 passed?[0m)
22 Steps (?[31m2 failed?[0m, ?[32m20 passed?[0m)
0m56,755s

org.junit.ComparisonFailure: the result was 'The Name of the Wind by Patrick Rothfuss - Goodreads' but the expected is 'The Name of the Wind - Patrick Rothfuss'. expected:<...he Name of the Wind [- Patrick Rothfus]s> but was:<...he Name of the Wind [by Patrick Rothfuss - Goodread]s>
	at org.junit.Assert.assertEquals(Assert.java:115)
	at co.com.pruebatecnica.controllers.google.MainController.checkSpecificSearchResult(MainController.java:100)
	at co.com.pruebatecnica.stepsdefinitions.step_google.StepTestGoogle.theFirstResultIsTheNameOfTheWindPatrickRothfuss(StepTestGoogle.java:52)
	at ?.And the first result is 'The Name of the Wind - Patrick Rothfuss'(src/main/resources/features/GoogleSearch.feature:9)

org.junit.ComparisonFailure: the result was 'The Name of the Wind by Patrick Rothfuss - Goodreads' but the expected is 'The Name of the Wind - Patrick Rothfuss'. expected:<...he Name of the Wind [- Patrick Rothfus]s> but was:<...he Name of the Wind [by Patrick Rothfuss - Goodread]s>
	at org.junit.Assert.assertEquals(Assert.java:115)
	at co.com.pruebatecnica.controllers.google.MainController.checkSpecificSearchResult(MainController.java:100)
	at co.com.pruebatecnica.stepsdefinitions.step_google.StepTestGoogle.theFirstResultIsTheNameOfTheWindPatrickRothfuss(StepTestGoogle.java:52)
	at ?.And the first result is 'The Name of the Wind - Patrick Rothfuss'(src/main/resources/features/GoogleSearch.feature:18)

]]></system-out>
  <system-err><![CDATA[]]></system-err>
</testsuite>
