<?xml version="1.0" encoding="UTF-8"?>
<testsuite name="runner.RunnerAditionalTest" tests="0" skipped="0" failures="0" errors="0" timestamp="1970-01-01T00:00:00" hostname="LAPTOP-AS5HFOC4" time="0.0">
  <properties/>
  <system-out><![CDATA[Feature: Google Homepage Search
2020-jul-06 16:07:13 [Test] INFO  : ----------Operation: Type in the google search field----------
2020-jul-06 16:07:14 [Test] INFO  : ----------Operation successfully completed----------

2020-jul-06 16:07:14 [Test] INFO  : ----------Operation: Click on the google search button----------
2020-jul-06 16:07:15 [Test] INFO  : ----------Operation successfully completed----------

2020-jul-06 16:07:15 [Test] INFO  : ----------Operation: Check the google results page----------
2020-jul-06 16:07:15 [Test] INFO  : ----------Operation successfully completed----------

2020-jul-06 16:07:32 [Test] INFO  : ----------Operation: Check the first google result----------
2020-jul-06 16:07:32 [Test] INFO  : ----------Operation successfully completed----------

2020-jul-06 16:07:37 [Test] INFO  : ============================= End Test ================================


2020-jul-06 16:07:43 [Test] INFO  : ----------Operation: Type in the google search field----------
2020-jul-06 16:07:43 [Test] INFO  : ----------Operation successfully completed----------

2020-jul-06 16:07:43 [Test] INFO  : ----------Operation: Check that the suggestion list is displayed----------
2020-jul-06 16:07:43 [Test] INFO  : ----------Operation successfully completed----------

2020-jul-06 16:07:43 [Test] INFO  : ----------Operation: Click on specific element of the suggestion list----------
2020-jul-06 16:07:45 [Test] INFO  : ----------Operation successfully completed----------

2020-jul-06 16:07:45 [Test] INFO  : ----------Operation: Check the google results page----------
2020-jul-06 16:07:45 [Test] INFO  : ----------Operation successfully completed----------

2020-jul-06 16:07:55 [Test] INFO  : ----------Operation: Check the first google result----------
2020-jul-06 16:07:55 [Test] INFO  : ----------Operation successfully completed----------

2020-jul-06 16:08:00 [Test] INFO  : ============================= End Test ================================



  Scenario: User can do a search from Google homepage using the suggestions        ?[90m# src/main/resources/features/GoogleSearch.feature:10?[0m
    ?[32mGiven ?[0m?[32mI m on the homepage?[0m                                                      ?[90m# StepTestGoogle.ImOnTheHomepage()?[0m
    ?[32mWhen ?[0m?[32mI type 'The name of the w' into the search field?[0m                          ?[90m# StepTestGoogle.iTypeTheNameOfTheWIntoTheSearchField()?[0m
    ?[32mAnd ?[0m?[32mthe suggestions list is displayed?[0m                                          ?[90m# StepTestGoogle.theSuggestionsListIsDisplayed()?[0m
    ?[32mAnd ?[0m?[32mI click on the first suggestion in the list?[0m                                ?[90m# StepTestGoogle.iClickOnTheFirstSuggestionInTheList()?[0m
    ?[32mThen ?[0m?[32mI go to the search results page?[0m                                           ?[90m# StepTestGoogle.iGoToTheSearchResultsPage()?[0m
    ?[32mAnd ?[0m?[32mthe third result is ?[0m?[32m?[1m'The Name of the Wind by Patrick Rothfuss - Goodreads'?[0m ?[90m# StepTestGoogle.theThirdResultIsTheNameOfTheWindByPatrickRothfussGoodreads(String)?[0m

2 Scenarios (?[32m2 passed?[0m)
11 Steps (?[32m11 passed?[0m)
0m55,773s

]]></system-out>
  <system-err><![CDATA[]]></system-err>
</testsuite>
