<?xml version="1.0" encoding="UTF-8"?>
<testsuite name="runner.RunnerPrueba" tests="0" skipped="0" failures="0" errors="0" timestamp="1970-01-01T00:00:00" hostname="LAPTOP-AS5HFOC4" time="0.0">
  <properties/>
  <system-out><![CDATA[Feature: Google Homepage Search

  Scenario Outline: User can search with 'Google Search'     ?[90m# src/main/resources/features/ScenarioUserStorie.feature:3?[0m
    ?[36mGiven ?[0m?[36mI m on the homepage?[0m
    ?[36mWhen ?[0m?[36mI type 'The name of the wind' into the search field?[0m
    ?[36mAnd ?[0m?[36mI click the Google Search button?[0m
    ?[36mThen ?[0m?[36mI go to the search results page?[0m
    ?[36mAnd ?[0m?[36mthe first result is '<Resultado>'?[0m
    ?[36mWhen ?[0m?[36mI click on the first result link?[0m
    ?[36mThen ?[0m?[36mI go to the 'Patrick Rothfuss - The Books' page?[0m

    Examples: 
2020-jul-06 15:45:21 [Test] INFO  : ----------Operation: Type in the google search field----------
2020-jul-06 15:45:22 [Test] INFO  : ----------Operation successfully completed----------

2020-jul-06 15:45:22 [Test] INFO  : ----------Operation: Click on the google search button----------
2020-jul-06 15:45:23 [Test] INFO  : ----------Operation successfully completed----------

2020-jul-06 15:45:23 [Test] INFO  : ----------Operation: Check the google results page----------
2020-jul-06 15:45:23 [Test] INFO  : ----------Operation successfully completed----------

2020-jul-06 15:45:23 [Test] INFO  : ----------Operation: Check the first google result----------
2020-jul-06 15:45:28 [Test] INFO  : ============================= End Test ================================


2020-jul-06 15:45:34 [Test] INFO  : ----------Operation: Type in the google search field----------
2020-jul-06 15:45:35 [Test] INFO  : ----------Operation successfully completed----------

2020-jul-06 15:45:35 [Test] INFO  : ----------Operation: Click on the google search button----------
2020-jul-06 15:45:36 [Test] INFO  : ----------Operation successfully completed----------

2020-jul-06 15:45:36 [Test] INFO  : ----------Operation: Check the google results page----------
2020-jul-06 15:45:36 [Test] INFO  : ----------Operation successfully completed----------

2020-jul-06 15:45:36 [Test] INFO  : ----------Operation: Check the first google result----------
2020-jul-06 15:45:36 [Test] INFO  : ----------Operation successfully completed----------

2020-jul-06 15:45:36 [Test] INFO  : ----------Operation: Click on the first search result----------
2020-jul-06 15:45:40 [Test] INFO  : ----------Operation successfully completed----------

2020-jul-06 15:45:40 [Test] INFO  : ----------Operation successfully completed----------

2020-jul-06 15:45:40 [Test] INFO  : ############################## Test Finished successfully ########################################
2020-jul-06 15:45:45 [Test] INFO  : ============================= End Test ================================



  Scenario Outline: User can search with 'Google Search'                           ?[90m# src/main/resources/features/ScenarioUserStorie.feature:15?[0m
    ?[32mGiven ?[0m?[32mI m on the homepage?[0m                                                      ?[90m# StepTestGoogle.ImOnTheHomepage()?[0m
    ?[32mWhen ?[0m?[32mI type 'The name of the wind' into the search field?[0m                       ?[90m# StepTestGoogle.iTypeTheNameOfTheWindIntoTheSearchField()?[0m
    ?[32mAnd ?[0m?[32mI click the Google Search button?[0m                                           ?[90m# StepTestGoogle.iClickTheGoogleSearchButton()?[0m
    ?[32mThen ?[0m?[32mI go to the search results page?[0m                                           ?[90m# StepTestGoogle.iGoToTheSearchResultsPage()?[0m
    ?[32mAnd ?[0m?[32mthe first result is ?[0m?[32m?[1m'The Name of the Wind by Patrick Rothfuss - Goodreads'?[0m ?[90m# StepTestGoogle.theFirstResultIsTheNameOfTheWindPatrickRothfuss(String)?[0m
    ?[32mWhen ?[0m?[32mI click on the first result link?[0m                                          ?[90m# StepTestGoogle.iClickOnTheFirstResultLink()?[0m
    ?[32mThen ?[0m?[32mI go to the 'Patrick Rothfuss - The Books' page?[0m                           ?[90m# StepTestGoogle.iGoToThePatrickRothfussTheBooksPage()?[0m

  Scenario Outline: User can search by using the suggestions ?[90m# src/main/resources/features/ScenarioUserStorie.feature:17?[0m
    ?[36mGiven ?[0m?[36mI m on the homepage?[0m
    ?[36mWhen ?[0m?[36mI type 'The name of the w' into the search field?[0m
    ?[36mAnd ?[0m?[36mthe suggestions list is displayed?[0m
    ?[36mAnd ?[0m?[36mI click on the first suggestion in the list?[0m
    ?[36mThen ?[0m?[36mI go to the search results page?[0m
    ?[36mAnd ?[0m?[36mthe first result is '<Resultado>'?[0m
    ?[36mWhen ?[0m?[36mI click on the first result link?[0m
    ?[36mThen ?[0m?[36mI go to the 'Patrick Rothfuss - The Books' page?[0m

    Examples: 
2020-jul-06 15:45:51 [Test] INFO  : ----------Operation: Type in the google search field----------
2020-jul-06 15:45:52 [Test] INFO  : ----------Operation successfully completed----------

2020-jul-06 15:45:52 [Test] INFO  : ----------Operation: Check that the suggestion list is displayed----------
2020-jul-06 15:45:52 [Test] INFO  : ----------Operation successfully completed----------

2020-jul-06 15:45:52 [Test] INFO  : ----------Operation: Click on specific element of the suggestion list----------
2020-jul-06 15:45:53 [Test] INFO  : ----------Operation successfully completed----------

2020-jul-06 15:45:53 [Test] INFO  : ----------Operation: Check the google results page----------
2020-jul-06 15:45:53 [Test] INFO  : ----------Operation successfully completed----------

2020-jul-06 15:45:53 [Test] INFO  : ----------Operation: Check the first google result----------
2020-jul-06 15:45:58 [Test] INFO  : ============================= End Test ================================


2020-jul-06 15:46:04 [Test] INFO  : ----------Operation: Type in the google search field----------
2020-jul-06 15:46:04 [Test] INFO  : ----------Operation successfully completed----------

2020-jul-06 15:46:04 [Test] INFO  : ----------Operation: Check that the suggestion list is displayed----------
2020-jul-06 15:46:05 [Test] INFO  : ----------Operation successfully completed----------

2020-jul-06 15:46:05 [Test] INFO  : ----------Operation: Click on specific element of the suggestion list----------
2020-jul-06 15:46:06 [Test] INFO  : ----------Operation successfully completed----------

2020-jul-06 15:46:06 [Test] INFO  : ----------Operation: Check the google results page----------
2020-jul-06 15:46:06 [Test] INFO  : ----------Operation successfully completed----------

2020-jul-06 15:46:06 [Test] INFO  : ----------Operation: Check the first google result----------
2020-jul-06 15:46:06 [Test] INFO  : ----------Operation successfully completed----------

2020-jul-06 15:46:06 [Test] INFO  : ----------Operation: Click on the first search result----------
2020-jul-06 15:46:09 [Test] INFO  : ----------Operation successfully completed----------

2020-jul-06 15:46:09 [Test] INFO  : ----------Operation successfully completed----------

2020-jul-06 15:46:09 [Test] INFO  : ############################## Test Finished successfully ########################################
2020-jul-06 15:46:14 [Test] INFO  : ============================= End Test ================================



  Scenario Outline: User can search by using the suggestions                       ?[90m# src/main/resources/features/ScenarioUserStorie.feature:30?[0m
    ?[32mGiven ?[0m?[32mI m on the homepage?[0m                                                      ?[90m# StepTestGoogle.ImOnTheHomepage()?[0m
    ?[32mWhen ?[0m?[32mI type 'The name of the w' into the search field?[0m                          ?[90m# StepTestGoogle.iTypeTheNameOfTheWIntoTheSearchField()?[0m
    ?[32mAnd ?[0m?[32mthe suggestions list is displayed?[0m                                          ?[90m# StepTestGoogle.theSuggestionsListIsDisplayed()?[0m
    ?[32mAnd ?[0m?[32mI click on the first suggestion in the list?[0m                                ?[90m# StepTestGoogle.iClickOnTheFirstSuggestionInTheList()?[0m
    ?[32mThen ?[0m?[32mI go to the search results page?[0m                                           ?[90m# StepTestGoogle.iGoToTheSearchResultsPage()?[0m
    ?[32mAnd ?[0m?[32mthe first result is ?[0m?[32m?[1m'The Name of the Wind by Patrick Rothfuss - Goodreads'?[0m ?[90m# StepTestGoogle.theFirstResultIsTheNameOfTheWindPatrickRothfuss(String)?[0m
    ?[32mWhen ?[0m?[32mI click on the first result link?[0m                                          ?[90m# StepTestGoogle.iClickOnTheFirstResultLink()?[0m
    ?[32mThen ?[0m?[32mI go to the 'Patrick Rothfuss - The Books' page?[0m                           ?[90m# StepTestGoogle.iGoToThePatrickRothfussTheBooksPage()?[0m

?[31mFailed scenarios:?[0m
?[31msrc/main/resources/features/ScenarioUserStorie.feature:14 ?[0m# Scenario Outline: User can search with 'Google Search'
?[31msrc/main/resources/features/ScenarioUserStorie.feature:29 ?[0m# Scenario Outline: User can search by using the suggestions

4 Scenarios (?[31m2 failed?[0m, ?[32m2 passed?[0m)
30 Steps (?[31m2 failed?[0m, ?[36m4 skipped?[0m, ?[32m24 passed?[0m)
1m1,677s

org.junit.ComparisonFailure: the result was 'The Name of the Wind by Patrick Rothfuss - Goodreads' but the expected is 'The Name of the Wind - Patrick Rothfuss'. expected:<...he Name of the Wind [- Patrick Rothfus]s> but was:<...he Name of the Wind [by Patrick Rothfuss - Goodread]s>
	at org.junit.Assert.assertEquals(Assert.java:115)
	at co.com.pruebatecnica.controllers.google.MainController.checkSpecificSearchResult(MainController.java:103)
	at co.com.pruebatecnica.stepsdefinitions.step_google.StepTestGoogle.theFirstResultIsTheNameOfTheWindPatrickRothfuss(StepTestGoogle.java:52)
	at ?.And the first result is 'The Name of the Wind - Patrick Rothfuss'(src/main/resources/features/ScenarioUserStorie.feature:8)

org.junit.ComparisonFailure: the result was 'The Name of the Wind by Patrick Rothfuss - Goodreads' but the expected is 'The Name of the Wind - Patrick Rothfuss'. expected:<...he Name of the Wind [- Patrick Rothfus]s> but was:<...he Name of the Wind [by Patrick Rothfuss - Goodread]s>
	at org.junit.Assert.assertEquals(Assert.java:115)
	at co.com.pruebatecnica.controllers.google.MainController.checkSpecificSearchResult(MainController.java:103)
	at co.com.pruebatecnica.stepsdefinitions.step_google.StepTestGoogle.theFirstResultIsTheNameOfTheWindPatrickRothfuss(StepTestGoogle.java:52)
	at ?.And the first result is 'The Name of the Wind - Patrick Rothfuss'(src/main/resources/features/ScenarioUserStorie.feature:23)

]]></system-out>
  <system-err><![CDATA[]]></system-err>
</testsuite>
